..\..\bin\Win32\Debug\GPUProcessor.ilk
..\..\bin\Win32\Debug\GPUProcessor.pdb
C:\NVIDIA GPU COMPUTING SDK\OPENCL\BIN\WIN32\DEBUG\GPUPROCESSOR.EXE
C:\NVIDIA GPU COMPUTING SDK\OPENCL\BIN\WIN32\DEBUG\GPUPROCESSOR.ILK
C:\NVIDIA GPU COMPUTING SDK\OPENCL\BIN\WIN32\DEBUG\GPUPROCESSOR.PDB
C:\NVIDIA GPU Computing SDK\OpenCL\src\GPUProcessor_2.2\..\..\bin\Win32\Debug\GPUProcessor.exe
C:\NVIDIA GPU COMPUTING SDK\OPENCL\SRC\GPUPROCESSOR_2.2\DEBUG\BINARIZATIONFILTER.OBJ
C:\NVIDIA GPU Computing SDK\OpenCL\src\GPUProcessor_2.2\Debug\cl.command.1.tlog
C:\NVIDIA GPU Computing SDK\OpenCL\src\GPUProcessor_2.2\Debug\CL.read.1.tlog
C:\NVIDIA GPU Computing SDK\OpenCL\src\GPUProcessor_2.2\Debug\CL.write.1.tlog
C:\NVIDIA GPU COMPUTING SDK\OPENCL\SRC\GPUPROCESSOR_2.2\DEBUG\CLOSEFILTER.OBJ
C:\NVIDIA GPU COMPUTING SDK\OPENCL\SRC\GPUPROCESSOR_2.2\DEBUG\CONTEXTFILTER.OBJ
C:\NVIDIA GPU COMPUTING SDK\OPENCL\SRC\GPUPROCESSOR_2.2\DEBUG\CONTEXTFREEFILTER.OBJ
C:\NVIDIA GPU COMPUTING SDK\OPENCL\SRC\GPUPROCESSOR_2.2\DEBUG\CORNERDETECTIONFILTER.OBJ
C:\NVIDIA GPU COMPUTING SDK\OPENCL\SRC\GPUPROCESSOR_2.2\DEBUG\DILATEFILTER.OBJ
C:\NVIDIA GPU COMPUTING SDK\OPENCL\SRC\GPUPROCESSOR_2.2\DEBUG\ERODEFILTER.OBJ
C:\NVIDIA GPU COMPUTING SDK\OPENCL\SRC\GPUPROCESSOR_2.2\DEBUG\FILTER.OBJ
C:\NVIDIA GPU COMPUTING SDK\OPENCL\SRC\GPUPROCESSOR_2.2\DEBUG\GPUPROCESSOR.EXE.EMBED.MANIFEST
C:\NVIDIA GPU COMPUTING SDK\OPENCL\SRC\GPUPROCESSOR_2.2\DEBUG\GPUPROCESSOR.EXE.EMBED.MANIFEST.RES
C:\NVIDIA GPU COMPUTING SDK\OPENCL\SRC\GPUPROCESSOR_2.2\DEBUG\GPUPROCESSOR.EXE.INTERMEDIATE.MANIFEST
C:\NVIDIA GPU COMPUTING SDK\OPENCL\SRC\GPUPROCESSOR_2.2\DEBUG\GPUPROCESSOR.OBJ
C:\NVIDIA GPU Computing SDK\OpenCL\src\GPUProcessor_2.2\Debug\GPUProcessor_manifest.rc
C:\NVIDIA GPU COMPUTING SDK\OPENCL\SRC\GPUPROCESSOR_2.2\DEBUG\GPUTRANSFERMANAGER.OBJ
C:\NVIDIA GPU COMPUTING SDK\OPENCL\SRC\GPUPROCESSOR_2.2\DEBUG\HIGHPASSFILTER.OBJ
C:\NVIDIA GPU COMPUTING SDK\OPENCL\SRC\GPUPROCESSOR_2.2\DEBUG\LAPLACEFILTER.OBJ
C:\NVIDIA GPU COMPUTING SDK\OPENCL\SRC\GPUPROCESSOR_2.2\DEBUG\LINEARFILTER.OBJ
C:\NVIDIA GPU Computing SDK\OpenCL\src\GPUProcessor_2.2\Debug\link.1392.read.1.tlog
C:\NVIDIA GPU Computing SDK\OpenCL\src\GPUProcessor_2.2\Debug\link.1392.write.1.tlog
C:\NVIDIA GPU Computing SDK\OpenCL\src\GPUProcessor_2.2\Debug\link.1392-cvtres.read.1.tlog
C:\NVIDIA GPU Computing SDK\OpenCL\src\GPUProcessor_2.2\Debug\link.1392-cvtres.write.1.tlog
C:\NVIDIA GPU Computing SDK\OpenCL\src\GPUProcessor_2.2\Debug\link.1488.read.1.tlog
C:\NVIDIA GPU Computing SDK\OpenCL\src\GPUProcessor_2.2\Debug\link.1488.write.1.tlog
C:\NVIDIA GPU Computing SDK\OpenCL\src\GPUProcessor_2.2\Debug\link.1488-cvtres.read.1.tlog
C:\NVIDIA GPU Computing SDK\OpenCL\src\GPUProcessor_2.2\Debug\link.1488-cvtres.write.1.tlog
C:\NVIDIA GPU Computing SDK\OpenCL\src\GPUProcessor_2.2\Debug\link.1596.read.1.tlog
C:\NVIDIA GPU Computing SDK\OpenCL\src\GPUProcessor_2.2\Debug\link.1596.write.1.tlog
C:\NVIDIA GPU Computing SDK\OpenCL\src\GPUProcessor_2.2\Debug\link.1596-cvtres.read.1.tlog
C:\NVIDIA GPU Computing SDK\OpenCL\src\GPUProcessor_2.2\Debug\link.1596-cvtres.write.1.tlog
C:\NVIDIA GPU Computing SDK\OpenCL\src\GPUProcessor_2.2\Debug\link.1736.read.1.tlog
C:\NVIDIA GPU Computing SDK\OpenCL\src\GPUProcessor_2.2\Debug\link.1736.write.1.tlog
C:\NVIDIA GPU Computing SDK\OpenCL\src\GPUProcessor_2.2\Debug\link.1736-cvtres.read.1.tlog
C:\NVIDIA GPU Computing SDK\OpenCL\src\GPUProcessor_2.2\Debug\link.1736-cvtres.write.1.tlog
C:\NVIDIA GPU Computing SDK\OpenCL\src\GPUProcessor_2.2\Debug\link.1820.read.1.tlog
C:\NVIDIA GPU Computing SDK\OpenCL\src\GPUProcessor_2.2\Debug\link.1820.write.1.tlog
C:\NVIDIA GPU Computing SDK\OpenCL\src\GPUProcessor_2.2\Debug\link.1820-cvtres.read.1.tlog
C:\NVIDIA GPU Computing SDK\OpenCL\src\GPUProcessor_2.2\Debug\link.1820-cvtres.write.1.tlog
C:\NVIDIA GPU Computing SDK\OpenCL\src\GPUProcessor_2.2\Debug\link.1860.read.1.tlog
C:\NVIDIA GPU Computing SDK\OpenCL\src\GPUProcessor_2.2\Debug\link.1860.write.1.tlog
C:\NVIDIA GPU Computing SDK\OpenCL\src\GPUProcessor_2.2\Debug\link.1860-cvtres.read.1.tlog
C:\NVIDIA GPU Computing SDK\OpenCL\src\GPUProcessor_2.2\Debug\link.1860-cvtres.write.1.tlog
C:\NVIDIA GPU Computing SDK\OpenCL\src\GPUProcessor_2.2\Debug\link.2540.read.1.tlog
C:\NVIDIA GPU Computing SDK\OpenCL\src\GPUProcessor_2.2\Debug\link.2540.write.1.tlog
C:\NVIDIA GPU Computing SDK\OpenCL\src\GPUProcessor_2.2\Debug\link.2540-cvtres.read.1.tlog
C:\NVIDIA GPU Computing SDK\OpenCL\src\GPUProcessor_2.2\Debug\link.2540-cvtres.write.1.tlog
C:\NVIDIA GPU Computing SDK\OpenCL\src\GPUProcessor_2.2\Debug\link.2780.read.1.tlog
C:\NVIDIA GPU Computing SDK\OpenCL\src\GPUProcessor_2.2\Debug\link.2780.write.1.tlog
C:\NVIDIA GPU Computing SDK\OpenCL\src\GPUProcessor_2.2\Debug\link.2780-cvtres.read.1.tlog
C:\NVIDIA GPU Computing SDK\OpenCL\src\GPUProcessor_2.2\Debug\link.2780-cvtres.write.1.tlog
C:\NVIDIA GPU Computing SDK\OpenCL\src\GPUProcessor_2.2\Debug\link.2912.read.1.tlog
C:\NVIDIA GPU Computing SDK\OpenCL\src\GPUProcessor_2.2\Debug\link.2912.write.1.tlog
C:\NVIDIA GPU Computing SDK\OpenCL\src\GPUProcessor_2.2\Debug\link.2912-cvtres.read.1.tlog
C:\NVIDIA GPU Computing SDK\OpenCL\src\GPUProcessor_2.2\Debug\link.2912-cvtres.write.1.tlog
C:\NVIDIA GPU Computing SDK\OpenCL\src\GPUProcessor_2.2\Debug\link.3044.read.1.tlog
C:\NVIDIA GPU Computing SDK\OpenCL\src\GPUProcessor_2.2\Debug\link.3044.write.1.tlog
C:\NVIDIA GPU Computing SDK\OpenCL\src\GPUProcessor_2.2\Debug\link.3044-cvtres.read.1.tlog
C:\NVIDIA GPU Computing SDK\OpenCL\src\GPUProcessor_2.2\Debug\link.3044-cvtres.write.1.tlog
C:\NVIDIA GPU Computing SDK\OpenCL\src\GPUProcessor_2.2\Debug\link.3140.read.1.tlog
C:\NVIDIA GPU Computing SDK\OpenCL\src\GPUProcessor_2.2\Debug\link.3140.write.1.tlog
C:\NVIDIA GPU Computing SDK\OpenCL\src\GPUProcessor_2.2\Debug\link.3140-cvtres.read.1.tlog
C:\NVIDIA GPU Computing SDK\OpenCL\src\GPUProcessor_2.2\Debug\link.3140-cvtres.write.1.tlog
C:\NVIDIA GPU Computing SDK\OpenCL\src\GPUProcessor_2.2\Debug\link.3156.read.1.tlog
C:\NVIDIA GPU Computing SDK\OpenCL\src\GPUProcessor_2.2\Debug\link.3156.write.1.tlog
C:\NVIDIA GPU Computing SDK\OpenCL\src\GPUProcessor_2.2\Debug\link.3156-cvtres.read.1.tlog
C:\NVIDIA GPU Computing SDK\OpenCL\src\GPUProcessor_2.2\Debug\link.3156-cvtres.write.1.tlog
C:\NVIDIA GPU Computing SDK\OpenCL\src\GPUProcessor_2.2\Debug\link.3192.read.1.tlog
C:\NVIDIA GPU Computing SDK\OpenCL\src\GPUProcessor_2.2\Debug\link.3192.write.1.tlog
C:\NVIDIA GPU Computing SDK\OpenCL\src\GPUProcessor_2.2\Debug\link.3192-cvtres.read.1.tlog
C:\NVIDIA GPU Computing SDK\OpenCL\src\GPUProcessor_2.2\Debug\link.3192-cvtres.write.1.tlog
C:\NVIDIA GPU Computing SDK\OpenCL\src\GPUProcessor_2.2\Debug\link.3212.read.1.tlog
C:\NVIDIA GPU Computing SDK\OpenCL\src\GPUProcessor_2.2\Debug\link.3212.write.1.tlog
C:\NVIDIA GPU Computing SDK\OpenCL\src\GPUProcessor_2.2\Debug\link.3212-cvtres.read.1.tlog
C:\NVIDIA GPU Computing SDK\OpenCL\src\GPUProcessor_2.2\Debug\link.3212-cvtres.write.1.tlog
C:\NVIDIA GPU Computing SDK\OpenCL\src\GPUProcessor_2.2\Debug\link.3240.read.1.tlog
C:\NVIDIA GPU Computing SDK\OpenCL\src\GPUProcessor_2.2\Debug\link.3240.write.1.tlog
C:\NVIDIA GPU Computing SDK\OpenCL\src\GPUProcessor_2.2\Debug\link.3240-cvtres.read.1.tlog
C:\NVIDIA GPU Computing SDK\OpenCL\src\GPUProcessor_2.2\Debug\link.3240-cvtres.write.1.tlog
C:\NVIDIA GPU Computing SDK\OpenCL\src\GPUProcessor_2.2\Debug\link.3624.read.1.tlog
C:\NVIDIA GPU Computing SDK\OpenCL\src\GPUProcessor_2.2\Debug\link.3624.write.1.tlog
C:\NVIDIA GPU Computing SDK\OpenCL\src\GPUProcessor_2.2\Debug\link.3624-cvtres.read.1.tlog
C:\NVIDIA GPU Computing SDK\OpenCL\src\GPUProcessor_2.2\Debug\link.3624-cvtres.write.1.tlog
C:\NVIDIA GPU Computing SDK\OpenCL\src\GPUProcessor_2.2\Debug\link.3636.read.1.tlog
C:\NVIDIA GPU Computing SDK\OpenCL\src\GPUProcessor_2.2\Debug\link.3636.write.1.tlog
C:\NVIDIA GPU Computing SDK\OpenCL\src\GPUProcessor_2.2\Debug\link.3636-cvtres.read.1.tlog
C:\NVIDIA GPU Computing SDK\OpenCL\src\GPUProcessor_2.2\Debug\link.3636-cvtres.write.1.tlog
C:\NVIDIA GPU Computing SDK\OpenCL\src\GPUProcessor_2.2\Debug\link.3668.read.1.tlog
C:\NVIDIA GPU Computing SDK\OpenCL\src\GPUProcessor_2.2\Debug\link.3668.write.1.tlog
C:\NVIDIA GPU Computing SDK\OpenCL\src\GPUProcessor_2.2\Debug\link.3668-cvtres.read.1.tlog
C:\NVIDIA GPU Computing SDK\OpenCL\src\GPUProcessor_2.2\Debug\link.3668-cvtres.write.1.tlog
C:\NVIDIA GPU Computing SDK\OpenCL\src\GPUProcessor_2.2\Debug\link.3688.read.1.tlog
C:\NVIDIA GPU Computing SDK\OpenCL\src\GPUProcessor_2.2\Debug\link.3688.write.1.tlog
C:\NVIDIA GPU Computing SDK\OpenCL\src\GPUProcessor_2.2\Debug\link.3688-cvtres.read.1.tlog
C:\NVIDIA GPU Computing SDK\OpenCL\src\GPUProcessor_2.2\Debug\link.3688-cvtres.write.1.tlog
C:\NVIDIA GPU Computing SDK\OpenCL\src\GPUProcessor_2.2\Debug\link.3752.read.1.tlog
C:\NVIDIA GPU Computing SDK\OpenCL\src\GPUProcessor_2.2\Debug\link.3752.write.1.tlog
C:\NVIDIA GPU Computing SDK\OpenCL\src\GPUProcessor_2.2\Debug\link.3752-cvtres.read.1.tlog
C:\NVIDIA GPU Computing SDK\OpenCL\src\GPUProcessor_2.2\Debug\link.3752-cvtres.write.1.tlog
C:\NVIDIA GPU Computing SDK\OpenCL\src\GPUProcessor_2.2\Debug\link.3808.read.1.tlog
C:\NVIDIA GPU Computing SDK\OpenCL\src\GPUProcessor_2.2\Debug\link.3808.write.1.tlog
C:\NVIDIA GPU Computing SDK\OpenCL\src\GPUProcessor_2.2\Debug\link.3808-cvtres.read.1.tlog
C:\NVIDIA GPU Computing SDK\OpenCL\src\GPUProcessor_2.2\Debug\link.3808-cvtres.write.1.tlog
C:\NVIDIA GPU Computing SDK\OpenCL\src\GPUProcessor_2.2\Debug\link.3976.read.1.tlog
C:\NVIDIA GPU Computing SDK\OpenCL\src\GPUProcessor_2.2\Debug\link.3976.write.1.tlog
C:\NVIDIA GPU Computing SDK\OpenCL\src\GPUProcessor_2.2\Debug\link.3976-cvtres.read.1.tlog
C:\NVIDIA GPU Computing SDK\OpenCL\src\GPUProcessor_2.2\Debug\link.3976-cvtres.write.1.tlog
C:\NVIDIA GPU Computing SDK\OpenCL\src\GPUProcessor_2.2\Debug\link.4188.read.1.tlog
C:\NVIDIA GPU Computing SDK\OpenCL\src\GPUProcessor_2.2\Debug\link.4188.write.1.tlog
C:\NVIDIA GPU Computing SDK\OpenCL\src\GPUProcessor_2.2\Debug\link.4188-cvtres.read.1.tlog
C:\NVIDIA GPU Computing SDK\OpenCL\src\GPUProcessor_2.2\Debug\link.4188-cvtres.write.1.tlog
C:\NVIDIA GPU Computing SDK\OpenCL\src\GPUProcessor_2.2\Debug\link.4232.read.1.tlog
C:\NVIDIA GPU Computing SDK\OpenCL\src\GPUProcessor_2.2\Debug\link.4232.write.1.tlog
C:\NVIDIA GPU Computing SDK\OpenCL\src\GPUProcessor_2.2\Debug\link.4232-cvtres.read.1.tlog
C:\NVIDIA GPU Computing SDK\OpenCL\src\GPUProcessor_2.2\Debug\link.4232-cvtres.write.1.tlog
C:\NVIDIA GPU Computing SDK\OpenCL\src\GPUProcessor_2.2\Debug\link.4240.read.1.tlog
C:\NVIDIA GPU Computing SDK\OpenCL\src\GPUProcessor_2.2\Debug\link.4240.write.1.tlog
C:\NVIDIA GPU Computing SDK\OpenCL\src\GPUProcessor_2.2\Debug\link.4240-cvtres.read.1.tlog
C:\NVIDIA GPU Computing SDK\OpenCL\src\GPUProcessor_2.2\Debug\link.4240-cvtres.write.1.tlog
C:\NVIDIA GPU Computing SDK\OpenCL\src\GPUProcessor_2.2\Debug\link.4388.read.1.tlog
C:\NVIDIA GPU Computing SDK\OpenCL\src\GPUProcessor_2.2\Debug\link.4388.write.1.tlog
C:\NVIDIA GPU Computing SDK\OpenCL\src\GPUProcessor_2.2\Debug\link.4388-cvtres.read.1.tlog
C:\NVIDIA GPU Computing SDK\OpenCL\src\GPUProcessor_2.2\Debug\link.4388-cvtres.write.1.tlog
C:\NVIDIA GPU Computing SDK\OpenCL\src\GPUProcessor_2.2\Debug\link.4440.read.1.tlog
C:\NVIDIA GPU Computing SDK\OpenCL\src\GPUProcessor_2.2\Debug\link.4440.write.1.tlog
C:\NVIDIA GPU Computing SDK\OpenCL\src\GPUProcessor_2.2\Debug\link.4440-cvtres.read.1.tlog
C:\NVIDIA GPU Computing SDK\OpenCL\src\GPUProcessor_2.2\Debug\link.4440-cvtres.write.1.tlog
C:\NVIDIA GPU Computing SDK\OpenCL\src\GPUProcessor_2.2\Debug\link.4468.read.1.tlog
C:\NVIDIA GPU Computing SDK\OpenCL\src\GPUProcessor_2.2\Debug\link.4468.write.1.tlog
C:\NVIDIA GPU Computing SDK\OpenCL\src\GPUProcessor_2.2\Debug\link.4468-cvtres.read.1.tlog
C:\NVIDIA GPU Computing SDK\OpenCL\src\GPUProcessor_2.2\Debug\link.4468-cvtres.write.1.tlog
C:\NVIDIA GPU Computing SDK\OpenCL\src\GPUProcessor_2.2\Debug\link.4592.read.1.tlog
C:\NVIDIA GPU Computing SDK\OpenCL\src\GPUProcessor_2.2\Debug\link.4592.write.1.tlog
C:\NVIDIA GPU Computing SDK\OpenCL\src\GPUProcessor_2.2\Debug\link.4592-cvtres.read.1.tlog
C:\NVIDIA GPU Computing SDK\OpenCL\src\GPUProcessor_2.2\Debug\link.4592-cvtres.write.1.tlog
C:\NVIDIA GPU Computing SDK\OpenCL\src\GPUProcessor_2.2\Debug\link.4736.read.1.tlog
C:\NVIDIA GPU Computing SDK\OpenCL\src\GPUProcessor_2.2\Debug\link.4736.write.1.tlog
C:\NVIDIA GPU Computing SDK\OpenCL\src\GPUProcessor_2.2\Debug\link.4736-cvtres.read.1.tlog
C:\NVIDIA GPU Computing SDK\OpenCL\src\GPUProcessor_2.2\Debug\link.4736-cvtres.write.1.tlog
C:\NVIDIA GPU Computing SDK\OpenCL\src\GPUProcessor_2.2\Debug\link.4752.read.1.tlog
C:\NVIDIA GPU Computing SDK\OpenCL\src\GPUProcessor_2.2\Debug\link.4752.write.1.tlog
C:\NVIDIA GPU Computing SDK\OpenCL\src\GPUProcessor_2.2\Debug\link.4752-cvtres.read.1.tlog
C:\NVIDIA GPU Computing SDK\OpenCL\src\GPUProcessor_2.2\Debug\link.4752-cvtres.write.1.tlog
C:\NVIDIA GPU Computing SDK\OpenCL\src\GPUProcessor_2.2\Debug\link.4956.read.1.tlog
C:\NVIDIA GPU Computing SDK\OpenCL\src\GPUProcessor_2.2\Debug\link.4956.write.1.tlog
C:\NVIDIA GPU Computing SDK\OpenCL\src\GPUProcessor_2.2\Debug\link.4956-cvtres.read.1.tlog
C:\NVIDIA GPU Computing SDK\OpenCL\src\GPUProcessor_2.2\Debug\link.4956-cvtres.write.1.tlog
C:\NVIDIA GPU Computing SDK\OpenCL\src\GPUProcessor_2.2\Debug\link.5032.read.1.tlog
C:\NVIDIA GPU Computing SDK\OpenCL\src\GPUProcessor_2.2\Debug\link.5032.write.1.tlog
C:\NVIDIA GPU Computing SDK\OpenCL\src\GPUProcessor_2.2\Debug\link.5032-cvtres.read.1.tlog
C:\NVIDIA GPU Computing SDK\OpenCL\src\GPUProcessor_2.2\Debug\link.5032-cvtres.write.1.tlog
C:\NVIDIA GPU Computing SDK\OpenCL\src\GPUProcessor_2.2\Debug\link.556.read.1.tlog
C:\NVIDIA GPU Computing SDK\OpenCL\src\GPUProcessor_2.2\Debug\link.556.write.1.tlog
C:\NVIDIA GPU Computing SDK\OpenCL\src\GPUProcessor_2.2\Debug\link.556-cvtres.read.1.tlog
C:\NVIDIA GPU Computing SDK\OpenCL\src\GPUProcessor_2.2\Debug\link.556-cvtres.write.1.tlog
C:\NVIDIA GPU Computing SDK\OpenCL\src\GPUProcessor_2.2\Debug\link.command.1.tlog
C:\NVIDIA GPU Computing SDK\OpenCL\src\GPUProcessor_2.2\Debug\link.read.1.tlog
C:\NVIDIA GPU Computing SDK\OpenCL\src\GPUProcessor_2.2\Debug\link.write.1.tlog
C:\NVIDIA GPU Computing SDK\OpenCL\src\GPUProcessor_2.2\Debug\link-cvtres.read.1.tlog
C:\NVIDIA GPU Computing SDK\OpenCL\src\GPUProcessor_2.2\Debug\link-cvtres.write.1.tlog
C:\NVIDIA GPU COMPUTING SDK\OPENCL\SRC\GPUPROCESSOR_2.2\DEBUG\LOWPASSFILTER.OBJ
C:\NVIDIA GPU COMPUTING SDK\OPENCL\SRC\GPUPROCESSOR_2.2\DEBUG\LUTFILTER.OBJ
C:\NVIDIA GPU COMPUTING SDK\OPENCL\SRC\GPUPROCESSOR_2.2\DEBUG\MAIN.OBJ
C:\NVIDIA GPU COMPUTING SDK\OPENCL\SRC\GPUPROCESSOR_2.2\DEBUG\MAXFILTER.OBJ
C:\NVIDIA GPU COMPUTING SDK\OPENCL\SRC\GPUPROCESSOR_2.2\DEBUG\MEANFILTER.OBJ
C:\NVIDIA GPU COMPUTING SDK\OPENCL\SRC\GPUPROCESSOR_2.2\DEBUG\MEANVARIABLECENTRALPOINTFILTER.OBJ
C:\NVIDIA GPU COMPUTING SDK\OPENCL\SRC\GPUPROCESSOR_2.2\DEBUG\MEDIANFILTER.OBJ
C:\NVIDIA GPU COMPUTING SDK\OPENCL\SRC\GPUPROCESSOR_2.2\DEBUG\MINFILTER.OBJ
C:\NVIDIA GPU COMPUTING SDK\OPENCL\SRC\GPUPROCESSOR_2.2\DEBUG\MORPHOLOGYFILTER.OBJ
C:\NVIDIA GPU Computing SDK\OpenCL\src\GPUProcessor_2.2\Debug\mt.command.1.tlog
C:\NVIDIA GPU Computing SDK\OpenCL\src\GPUProcessor_2.2\Debug\mt.read.1.tlog
C:\NVIDIA GPU Computing SDK\OpenCL\src\GPUProcessor_2.2\Debug\mt.write.1.tlog
C:\NVIDIA GPU COMPUTING SDK\OPENCL\SRC\GPUPROCESSOR_2.2\DEBUG\NONLINEARFILTER.OBJ
C:\NVIDIA GPU COMPUTING SDK\OPENCL\SRC\GPUPROCESSOR_2.2\DEBUG\OPENFILTER.OBJ
C:\NVIDIA GPU COMPUTING SDK\OPENCL\SRC\GPUPROCESSOR_2.2\DEBUG\PREWITTFILTER.OBJ
C:\NVIDIA GPU Computing SDK\OpenCL\src\GPUProcessor_2.2\Debug\rc.command.1.tlog
C:\NVIDIA GPU Computing SDK\OpenCL\src\GPUProcessor_2.2\Debug\rc.read.1.tlog
C:\NVIDIA GPU Computing SDK\OpenCL\src\GPUProcessor_2.2\Debug\rc.write.1.tlog
C:\NVIDIA GPU COMPUTING SDK\OPENCL\SRC\GPUPROCESSOR_2.2\DEBUG\RGB2HSV.OBJ
C:\NVIDIA GPU COMPUTING SDK\OPENCL\SRC\GPUPROCESSOR_2.2\DEBUG\ROBERTSFILTER.OBJ
C:\NVIDIA GPU COMPUTING SDK\OPENCL\SRC\GPUPROCESSOR_2.2\DEBUG\SOBELFILTER.OBJ
C:\NVIDIA GPU COMPUTING SDK\OPENCL\SRC\GPUPROCESSOR_2.2\DEBUG\TRANSFORMATION.OBJ
C:\NVIDIA GPU Computing SDK\OpenCL\src\GPUProcessor_2.2\Debug\vc100.idb
C:\NVIDIA GPU COMPUTING SDK\OPENCL\SRC\GPUPROCESSOR_2.2\DEBUG\VC100.PDB
